0 info it worked if it ends with ok
1 verbose cli [ 'C:\\Bitnami\\nodejs-6.5.0-0\\nodejs\\node.exe',
1 verbose cli   'C:\\Bitnami\\nodejs-6.5.0-0\\nodejs\\node_modules\\npm\\bin\\npm-cli.js',
1 verbose cli   'start' ]
2 info using npm@3.10.3
3 info using node@v6.5.0
4 verbose run-script [ 'prestart', 'start', 'poststart' ]
5 info lifecycle mytaskapp@1.0.0~prestart: mytaskapp@1.0.0
6 silly lifecycle mytaskapp@1.0.0~prestart: no script for prestart, continuing
7 info lifecycle mytaskapp@1.0.0~start: mytaskapp@1.0.0
8 verbose lifecycle mytaskapp@1.0.0~start: unsafe-perm in lifecycle true
9 verbose lifecycle mytaskapp@1.0.0~start: PATH: C:\Bitnami\nodejs-6.5.0-0\nodejs\node_modules\npm\bin\node-gyp-bin;C:\Bitnami\nodejs-6.5.0-0\testapps\mytaskapp\client\node_modules\.bin;C:\Bitnami\nodejs-6.5.0-0\nodejs;C:\Bitnami\nodejs-6.5.0-0/python;C:\Bitnami\nodejs-6.5.0-0/python\scripts;C:\Bitnami\nodejs-6.5.0-0/nodejs;C:\Bitnami\nodejs-6.5.0-0\imagemagick;C:\Bitnami\nodejs-6.5.0-0/git\cmd;C:\Bitnami\nodejs-6.5.0-0/common\bin;C:\ProgramData\Oracle\Java\javapath;C:\Windows\system32;C:\Windows;C:\Windows\System32\Wbem;C:\Windows\System32\WindowsPowerShell\v1.0\;C:\Program Files (x86)\AMD\ATI.ACE\Core-Static;C:\Program Files\Dell\SysMgt\oma\bin;C:\Program Files\Dell\SysMgt\shared\bin;C:\Program Files\Dell\SysMgt\RAC5;C:\Program Files\Microsoft SQL Server\110\DTS\Binn\;C:\Program Files (x86)\Microsoft SQL Server\110\Tools\Binn\;C:\Program Files\Microsoft SQL Server\110\Tools\Binn\;C:\Program Files (x86)\Microsoft SQL Server\110\Tools\Binn\ManagementStudio\;C:\Program Files (x86)\Microsoft Visual Studio 10.0\Common7\IDE\PrivateAssemblies\;C:\Program Files (x86)\Microsoft SQL Server\110\DTS\Binn\;C:\Windows\system32\config\systemprofile\.dnx\bin;C:\Program Files\Microsoft DNX\Dnvm\;C:\Program Files (x86)\Windows Kits\8.1\Windows Performance Toolkit\;C:\Program Files\Microsoft SQL Server\120\Tools\Binn\;C:\Program Files\Microsoft SQL Server\130\Tools\Binn\;C:\Program Files (x86)\nodejs\;C:\Program Files\Git\cmd;C:\Program Files (x86)\Common Files\Adobe\AGL;C:\Users\Administrator\AppData\Roaming\npm
10 verbose lifecycle mytaskapp@1.0.0~start: CWD: C:\Bitnami\nodejs-6.5.0-0\testapps\mytaskapp\client
11 silly lifecycle mytaskapp@1.0.0~start: Args: [ '/d /s /c', 'tsc && concurrently "tsc -w" "lite-server" ' ]
12 silly lifecycle mytaskapp@1.0.0~start: Returned: code: 2  signal: null
13 info lifecycle mytaskapp@1.0.0~start: Failed to exec start script
14 verbose stack Error: mytaskapp@1.0.0 start: `tsc && concurrently "tsc -w" "lite-server" `
14 verbose stack Exit status 2
14 verbose stack     at EventEmitter.<anonymous> (C:\Bitnami\nodejs-6.5.0-0\nodejs\node_modules\npm\lib\utils\lifecycle.js:242:16)
14 verbose stack     at emitTwo (events.js:106:13)
14 verbose stack     at EventEmitter.emit (events.js:191:7)
14 verbose stack     at ChildProcess.<anonymous> (C:\Bitnami\nodejs-6.5.0-0\nodejs\node_modules\npm\lib\utils\spawn.js:40:14)
14 verbose stack     at emitTwo (events.js:106:13)
14 verbose stack     at ChildProcess.emit (events.js:191:7)
14 verbose stack     at maybeClose (internal/child_process.js:877:16)
14 verbose stack     at Process.ChildProcess._handle.onexit (internal/child_process.js:226:5)
15 verbose pkgid mytaskapp@1.0.0
16 verbose cwd C:\Bitnami\nodejs-6.5.0-0\testapps\mytaskapp\client
17 error Windows_NT 6.1.7601
18 error argv "C:\\Bitnami\\nodejs-6.5.0-0\\nodejs\\node.exe" "C:\\Bitnami\\nodejs-6.5.0-0\\nodejs\\node_modules\\npm\\bin\\npm-cli.js" "start"
19 error node v6.5.0
20 error npm  v3.10.3
21 error code ELIFECYCLE
22 error mytaskapp@1.0.0 start: `tsc && concurrently "tsc -w" "lite-server" `
22 error Exit status 2
23 error Failed at the mytaskapp@1.0.0 start script 'tsc && concurrently "tsc -w" "lite-server" '.
23 error Make sure you have the latest version of node.js and npm installed.
23 error If you do, this is most likely a problem with the mytaskapp package,
23 error not with npm itself.
23 error Tell the author that this fails on your system:
23 error     tsc && concurrently "tsc -w" "lite-server"
23 error You can get information on how to open an issue for this project with:
23 error     npm bugs mytaskapp
23 error Or if that isn't available, you can get their info via:
23 error     npm owner ls mytaskapp
23 error There is likely additional logging output above.
24 verbose exit [ 1, true ]
